<?xml version="1.0" encoding="UTF-8"?>
<testsuite xmlns:xsi="http://www.w3.org/2001/XMLSchema-instance" xsi:noNamespaceSchemaLocation="https://maven.apache.org/surefire/maven-surefire-plugin/xsd/surefire-test-report-3.0.xsd" version="3.0" name="TestSuite" time="90.174" tests="4" errors="0" skipped="0" failures="3">
  <properties>
    <property name="sun.desktop" value="windows"/>
    <property name="awt.toolkit" value="sun.awt.windows.WToolkit"/>
    <property name="java.specification.version" value="11"/>
    <property name="sun.cpu.isalist" value="amd64"/>
    <property name="sun.jnu.encoding" value="Cp1252"/>
    <property name="java.class.path" value="C:\Users\mdube\Documents\Enterprise Integration Platform Automation Testing\target\test-classes;C:\Users\mdube\Documents\Enterprise Integration Platform Automation Testing\target\classes;C:\Users\mdube\.m2\repository\io\rest-assured\rest-assured\5.3.0\rest-assured-5.3.0.jar;C:\Users\mdube\.m2\repository\org\apache\groovy\groovy\4.0.6\groovy-4.0.6.jar;C:\Users\mdube\.m2\repository\org\apache\groovy\groovy-xml\4.0.6\groovy-xml-4.0.6.jar;C:\Users\mdube\.m2\repository\org\apache\httpcomponents\httpclient\4.5.13\httpclient-4.5.13.jar;C:\Users\mdube\.m2\repository\org\apache\httpcomponents\httpcore\4.4.13\httpcore-4.4.13.jar;C:\Users\mdube\.m2\repository\commons-logging\commons-logging\1.2\commons-logging-1.2.jar;C:\Users\mdube\.m2\repository\commons-codec\commons-codec\1.11\commons-codec-1.11.jar;C:\Users\mdube\.m2\repository\org\apache\httpcomponents\httpmime\4.5.13\httpmime-4.5.13.jar;C:\Users\mdube\.m2\repository\org\hamcrest\hamcrest\2.1\hamcrest-2.1.jar;C:\Users\mdube\.m2\repository\org\ccil\cowan\tagsoup\tagsoup\1.2.1\tagsoup-1.2.1.jar;C:\Users\mdube\.m2\repository\io\rest-assured\json-path\5.3.0\json-path-5.3.0.jar;C:\Users\mdube\.m2\repository\org\apache\groovy\groovy-json\4.0.6\groovy-json-4.0.6.jar;C:\Users\mdube\.m2\repository\io\rest-assured\rest-assured-common\5.3.0\rest-assured-common-5.3.0.jar;C:\Users\mdube\.m2\repository\io\rest-assured\xml-path\5.3.0\xml-path-5.3.0.jar;C:\Users\mdube\.m2\repository\org\apache\commons\commons-lang3\3.11\commons-lang3-3.11.jar;C:\Users\mdube\.m2\repository\org\testng\testng\7.0.0\testng-7.0.0.jar;C:\Users\mdube\.m2\repository\com\beust\jcommander\1.72\jcommander-1.72.jar;C:\Users\mdube\.m2\repository\org\seleniumhq\selenium\selenium-java\3.141.59\selenium-java-3.141.59.jar;C:\Users\mdube\.m2\repository\org\seleniumhq\selenium\selenium-api\3.141.59\selenium-api-3.141.59.jar;C:\Users\mdube\.m2\repository\org\seleniumhq\selenium\selenium-chrome-driver\3.141.59\selenium-chrome-driver-3.141.59.jar;C:\Users\mdube\.m2\repository\org\seleniumhq\selenium\selenium-edge-driver\3.141.59\selenium-edge-driver-3.141.59.jar;C:\Users\mdube\.m2\repository\org\seleniumhq\selenium\selenium-firefox-driver\3.141.59\selenium-firefox-driver-3.141.59.jar;C:\Users\mdube\.m2\repository\org\seleniumhq\selenium\selenium-ie-driver\3.141.59\selenium-ie-driver-3.141.59.jar;C:\Users\mdube\.m2\repository\org\seleniumhq\selenium\selenium-opera-driver\3.141.59\selenium-opera-driver-3.141.59.jar;C:\Users\mdube\.m2\repository\org\seleniumhq\selenium\selenium-remote-driver\3.141.59\selenium-remote-driver-3.141.59.jar;C:\Users\mdube\.m2\repository\org\seleniumhq\selenium\selenium-safari-driver\3.141.59\selenium-safari-driver-3.141.59.jar;C:\Users\mdube\.m2\repository\org\seleniumhq\selenium\selenium-support\3.141.59\selenium-support-3.141.59.jar;C:\Users\mdube\.m2\repository\net\bytebuddy\byte-buddy\1.8.15\byte-buddy-1.8.15.jar;C:\Users\mdube\.m2\repository\org\apache\commons\commons-exec\1.3\commons-exec-1.3.jar;C:\Users\mdube\.m2\repository\com\google\guava\guava\25.0-jre\guava-25.0-jre.jar;C:\Users\mdube\.m2\repository\com\google\code\findbugs\jsr305\1.3.9\jsr305-1.3.9.jar;C:\Users\mdube\.m2\repository\org\checkerframework\checker-compat-qual\2.0.0\checker-compat-qual-2.0.0.jar;C:\Users\mdube\.m2\repository\com\google\errorprone\error_prone_annotations\2.1.3\error_prone_annotations-2.1.3.jar;C:\Users\mdube\.m2\repository\com\google\j2objc\j2objc-annotations\1.1\j2objc-annotations-1.1.jar;C:\Users\mdube\.m2\repository\org\codehaus\mojo\animal-sniffer-annotations\1.14\animal-sniffer-annotations-1.14.jar;C:\Users\mdube\.m2\repository\com\squareup\okhttp3\okhttp\3.11.0\okhttp-3.11.0.jar;C:\Users\mdube\.m2\repository\com\squareup\okio\okio\1.14.0\okio-1.14.0.jar;"/>
    <property name="java.vm.vendor" value="Oracle Corporation"/>
    <property name="sun.arch.data.model" value="64"/>
    <property name="user.variant" value=""/>
    <property name="java.vendor.url" value="https://openjdk.java.net/"/>
    <property name="user.timezone" value="Africa/Harare"/>
    <property name="java.vm.specification.version" value="11"/>
    <property name="os.name" value="Windows 10"/>
    <property name="sun.java.launcher" value="SUN_STANDARD"/>
    <property name="user.country" value="ZA"/>
    <property name="sun.boot.library.path" value="C:\Program Files\Java\jdk-11.0.8\bin"/>
    <property name="sun.java.command" value="C:\Users\mdube\AppData\Local\Temp\surefire17743622741673524827\surefirebooter16688485703486440590.jar C:\Users\mdube\AppData\Local\Temp\surefire17743622741673524827 2023-07-25T15-27-49_596-jvmRun1 surefire7538012788226295939tmp surefire_015941733305185161539tmp"/>
    <property name="jdk.debug" value="release"/>
    <property name="surefire.test.class.path" value="C:\Users\mdube\Documents\Enterprise Integration Platform Automation Testing\target\test-classes;C:\Users\mdube\Documents\Enterprise Integration Platform Automation Testing\target\classes;C:\Users\mdube\.m2\repository\io\rest-assured\rest-assured\5.3.0\rest-assured-5.3.0.jar;C:\Users\mdube\.m2\repository\org\apache\groovy\groovy\4.0.6\groovy-4.0.6.jar;C:\Users\mdube\.m2\repository\org\apache\groovy\groovy-xml\4.0.6\groovy-xml-4.0.6.jar;C:\Users\mdube\.m2\repository\org\apache\httpcomponents\httpclient\4.5.13\httpclient-4.5.13.jar;C:\Users\mdube\.m2\repository\org\apache\httpcomponents\httpcore\4.4.13\httpcore-4.4.13.jar;C:\Users\mdube\.m2\repository\commons-logging\commons-logging\1.2\commons-logging-1.2.jar;C:\Users\mdube\.m2\repository\commons-codec\commons-codec\1.11\commons-codec-1.11.jar;C:\Users\mdube\.m2\repository\org\apache\httpcomponents\httpmime\4.5.13\httpmime-4.5.13.jar;C:\Users\mdube\.m2\repository\org\hamcrest\hamcrest\2.1\hamcrest-2.1.jar;C:\Users\mdube\.m2\repository\org\ccil\cowan\tagsoup\tagsoup\1.2.1\tagsoup-1.2.1.jar;C:\Users\mdube\.m2\repository\io\rest-assured\json-path\5.3.0\json-path-5.3.0.jar;C:\Users\mdube\.m2\repository\org\apache\groovy\groovy-json\4.0.6\groovy-json-4.0.6.jar;C:\Users\mdube\.m2\repository\io\rest-assured\rest-assured-common\5.3.0\rest-assured-common-5.3.0.jar;C:\Users\mdube\.m2\repository\io\rest-assured\xml-path\5.3.0\xml-path-5.3.0.jar;C:\Users\mdube\.m2\repository\org\apache\commons\commons-lang3\3.11\commons-lang3-3.11.jar;C:\Users\mdube\.m2\repository\org\testng\testng\7.0.0\testng-7.0.0.jar;C:\Users\mdube\.m2\repository\com\beust\jcommander\1.72\jcommander-1.72.jar;C:\Users\mdube\.m2\repository\org\seleniumhq\selenium\selenium-java\3.141.59\selenium-java-3.141.59.jar;C:\Users\mdube\.m2\repository\org\seleniumhq\selenium\selenium-api\3.141.59\selenium-api-3.141.59.jar;C:\Users\mdube\.m2\repository\org\seleniumhq\selenium\selenium-chrome-driver\3.141.59\selenium-chrome-driver-3.141.59.jar;C:\Users\mdube\.m2\repository\org\seleniumhq\selenium\selenium-edge-driver\3.141.59\selenium-edge-driver-3.141.59.jar;C:\Users\mdube\.m2\repository\org\seleniumhq\selenium\selenium-firefox-driver\3.141.59\selenium-firefox-driver-3.141.59.jar;C:\Users\mdube\.m2\repository\org\seleniumhq\selenium\selenium-ie-driver\3.141.59\selenium-ie-driver-3.141.59.jar;C:\Users\mdube\.m2\repository\org\seleniumhq\selenium\selenium-opera-driver\3.141.59\selenium-opera-driver-3.141.59.jar;C:\Users\mdube\.m2\repository\org\seleniumhq\selenium\selenium-remote-driver\3.141.59\selenium-remote-driver-3.141.59.jar;C:\Users\mdube\.m2\repository\org\seleniumhq\selenium\selenium-safari-driver\3.141.59\selenium-safari-driver-3.141.59.jar;C:\Users\mdube\.m2\repository\org\seleniumhq\selenium\selenium-support\3.141.59\selenium-support-3.141.59.jar;C:\Users\mdube\.m2\repository\net\bytebuddy\byte-buddy\1.8.15\byte-buddy-1.8.15.jar;C:\Users\mdube\.m2\repository\org\apache\commons\commons-exec\1.3\commons-exec-1.3.jar;C:\Users\mdube\.m2\repository\com\google\guava\guava\25.0-jre\guava-25.0-jre.jar;C:\Users\mdube\.m2\repository\com\google\code\findbugs\jsr305\1.3.9\jsr305-1.3.9.jar;C:\Users\mdube\.m2\repository\org\checkerframework\checker-compat-qual\2.0.0\checker-compat-qual-2.0.0.jar;C:\Users\mdube\.m2\repository\com\google\errorprone\error_prone_annotations\2.1.3\error_prone_annotations-2.1.3.jar;C:\Users\mdube\.m2\repository\com\google\j2objc\j2objc-annotations\1.1\j2objc-annotations-1.1.jar;C:\Users\mdube\.m2\repository\org\codehaus\mojo\animal-sniffer-annotations\1.14\animal-sniffer-annotations-1.14.jar;C:\Users\mdube\.m2\repository\com\squareup\okhttp3\okhttp\3.11.0\okhttp-3.11.0.jar;C:\Users\mdube\.m2\repository\com\squareup\okio\okio\1.14.0\okio-1.14.0.jar;"/>
    <property name="sun.cpu.endian" value="little"/>
    <property name="user.home" value="C:\Users\mdube"/>
    <property name="user.language" value="en"/>
    <property name="java.specification.vendor" value="Oracle Corporation"/>
    <property name="java.version.date" value="2020-07-14"/>
    <property name="java.home" value="C:\Program Files\Java\jdk-11.0.8"/>
    <property name="file.separator" value="\"/>
    <property name="basedir" value="C:\Users\mdube\Documents\Enterprise Integration Platform Automation Testing"/>
    <property name="java.vm.compressedOopsMode" value="Zero based"/>
    <property name="line.separator" value="&#10;"/>
    <property name="java.specification.name" value="Java Platform API Specification"/>
    <property name="java.vm.specification.vendor" value="Oracle Corporation"/>
    <property name="java.awt.graphicsenv" value="sun.awt.Win32GraphicsEnvironment"/>
    <property name="surefire.real.class.path" value="C:\Users\mdube\AppData\Local\Temp\surefire17743622741673524827\surefirebooter16688485703486440590.jar"/>
    <property name="user.script" value=""/>
    <property name="sun.management.compiler" value="HotSpot 64-Bit Tiered Compilers"/>
    <property name="java.runtime.version" value="11.0.8+10-LTS"/>
    <property name="user.name" value="mdube"/>
    <property name="path.separator" value=";"/>
    <property name="os.version" value="10.0"/>
    <property name="java.runtime.name" value="Java(TM) SE Runtime Environment"/>
    <property name="file.encoding" value="Cp1252"/>
    <property name="java.vm.name" value="Java HotSpot(TM) 64-Bit Server VM"/>
    <property name="java.vendor.version" value="18.9"/>
    <property name="localRepository" value="C:\Users\mdube\.m2\repository"/>
    <property name="java.vendor.url.bug" value="https://bugreport.java.com/bugreport/"/>
    <property name="java.io.tmpdir" value="C:\Users\mdube\AppData\Local\Temp\"/>
    <property name="java.version" value="11.0.8"/>
    <property name="user.dir" value="C:\Users\mdube\Documents\Enterprise Integration Platform Automation Testing"/>
    <property name="os.arch" value="amd64"/>
    <property name="java.vm.specification.name" value="Java Virtual Machine Specification"/>
    <property name="java.awt.printerjob" value="sun.awt.windows.WPrinterJob"/>
    <property name="sun.os.patch.level" value=""/>
    <property name="java.library.path" value="C:\Program Files\Java\jdk-11.0.8\bin;C:\WINDOWS\Sun\Java\bin;C:\WINDOWS\system32;C:\WINDOWS;C:\Program Files\Common Files\Oracle\Java\javapath;C:\ProgramData\Oracle\Java\javapath;C:\Program Files (x86)\Common Files\Oracle\Java\javapath;C:\Windows\system32;C:\Windows;C:\Windows\System32\Wbem;C:\Windows\System32\WindowsPowerShell\v1.0\;C:\Windows\System32\OpenSSH\;C:\Program Files\Java\jdk-11.0.8\bin;C:\android-sdk\tools;C:\android-sdk\platform-tools;C:\android-sdk\tools\bin;C:\Program Files\nodejs;C:\Program Files\Kubernetes\Minikube;C:\ProgramData\chocolatey\bin;C:\jq;C:\Go\bin;C:\Users\mdube\Downloads\axis2-1.6.2\bin;C:\WINDOWS\system32;C:\WINDOWS;C:\WINDOWS\System32\Wbem;C:\WINDOWS\System32\WindowsPowerShell\v1.0\;C:\WINDOWS\System32\OpenSSH\;C:\Program Files\Git\cmd;C:\Program Files\dotnet\;C:\Program Files\Amazon\AWSCLIV2\;C:\Users\mdube\AppData\Roaming\npm;C:\Users\mdube\AppData\Roaming\npm\node_modules\newman\bin;;C:\Program Files\Docker\Docker\resources\bin;C:\ProgramData\DockerDesktop\version-bin;C:\Program Files\PuTTY\;C:\Program Files (x86)\Pulse Secure\VC142.CRT\X64\;C:\Program Files (x86)\Pulse Secure\VC142.CRT\X86\;C:\Program Files (x86)\Common Files\Pulse Secure\TNC Client Plugin\;C:\Program Files\MySQL\MySQL Shell 8.0\bin\;C:\Ruby26\bin;C:\Users\mdube\AppData\Local\Microsoft\WindowsApps;C:\Program Files\Java\jdk1.8.0_241\bin;C:\Users\mdube\AppData\Local\Programs\Microsoft VS Code\bin;C:\kubectl;C:\Users\mdube\go\bin;C:\gocode\bin;C:\Users\mdube\Downloads\Software\apache-maven-3.6.3-bin\apache-maven-3.6.3\bin;C:\Users\mdube\.dotnet\tools;;."/>
    <property name="java.vendor" value="Oracle Corporation"/>
    <property name="java.vm.info" value="mixed mode"/>
    <property name="java.vm.version" value="11.0.8+10-LTS"/>
    <property name="sun.io.unicode.encoding" value="UnicodeLittle"/>
    <property name="java.class.version" value="55.0"/>
  </properties>
  <testcase name="post_CreateServiceOrder" classname="BritBox.Testing.TMF641_CreateServiceOrder" time="43.31">
    <failure message="expected [There is no data found for this corelationId.] but found [{&#10;  &quot;response&quot; : &quot;There is no data found for this corelationId.&quot;&#10;}]" type="java.lang.AssertionError">java.lang.AssertionError: 
expected [There is no data found for this corelationId.] but found [{
  "response" : "There is no data found for this corelationId."
}]
	at BritBox.Testing.TMF641_CreateServiceOrder.post_CreateServiceOrder(TMF641_CreateServiceOrder.java:94)
</failure>
    <system-out><![CDATA[Request method:	POST
Request URI:	https://integrations-sit.multichoice.com/gateway/ServiceOrderingPlatformAPI/serviceOrder
Proxy:			<none>
Request params:	<none>
Query params:	<none>
Form params:	<none>
Path params:	<none>
Headers:		Authorization=Bearer 6f7425c18aa04e78b538669d64caa1973f3601fe4d4e423ca205711ccf5e230e
				Accept=*/*
				Content-Type=application/json
Cookies:		<none>
Multiparts:		<none>
Body:
{
    "id": "71709244",
    "priority": "1",
    "description": "Service order for BritBox",
    "category": "OTT Order",
    "state": "New Service Order",
    "completionDate": "",
    "requestedStartDate": null,
    "startDate": "2023-06-06T12:09:52.56Z",
    "@type": "ServiceOrder",
    "relatedParty": [
        {
            "id": "133199987",
            "name": "MPUMELELO DUBE",
            "role": "requester",
            "@referredType": "Individual",
            "href": "http://ICX.com"
        }
    ],
    "serviceOrderItem": [
        {
            "id": "496",
            "quantity": 1,
            "state": "InProgress",
            "service": {
                "@type": "Service",
                "state": "Active",
                "serviceType": "Add On"
            },
            "@type": "ServiceOrderItem"
        }
    ]
}
HTTP/1.1 200 OK
Date: Tue, 25 Jul 2023 13:27:56 GMT
Content-Type: application/json
Content-Length: 140
Connection: keep-alive
x-request-id: 011733fa-3bec-4a16-9cc5-d6711b972127
x-correlation-id: 011733fa-3bec-4a16-9cc5-d6711b972127
x-integration-id: 011733fa-3bec-4a16-9cc5-d6711b972127
Set-Cookie: AWSALB=qumDX9VjQQq0hKtHTnQVT22YgLqcCCkvyixFJm5NPYZd59+Frq1Bkmc/0VrolC3IbqZFmm0BS+RRvWUKxH9qaJc0HdkiFQZC2aY4RYcqLdJ68ebMKuVn9Su8OMBf; Expires=Tue, 01 Aug 2023 13:27:56 GMT; Path=/
Set-Cookie: AWSALBCORS=qumDX9VjQQq0hKtHTnQVT22YgLqcCCkvyixFJm5NPYZd59+Frq1Bkmc/0VrolC3IbqZFmm0BS+RRvWUKxH9qaJc0HdkiFQZC2aY4RYcqLdJ68ebMKuVn9Su8OMBf; Expires=Tue, 01 Aug 2023 13:27:56 GMT; Path=/; SameSite=None
Content-Encoding: gzip

{
    "status": {
        "code": "200",
        "name": "success",
        "description": "Request for 133199987 received"
    },
    "correlationId": "1f413fda-423b-48f8-968c-e66e9632e90f"
}
]]></system-out>
    <system-err><![CDATA[Starting ChromeDriver 114.0.5735.90 (386bc09e8f4f2e025eddae123f36f6263096ae49-refs/branch-heads/5735@{#1052}) on port 35662
Only local connections are allowed.
Please see https://chromedriver.chromium.org/security-considerations for suggestions on keeping ChromeDriver safe.
ChromeDriver was started successfully.
Jul 25, 2023 3:28:00 PM org.openqa.selenium.remote.ProtocolHandshake createSession
INFO: Detected dialect: W3C
]]></system-err>
  </testcase>
  <testcase name="getToken" classname="BritBox.Testing.TokenClientAPI" time="1.549">
    <failure message="did not expect to find [28488644] but found [null]" type="java.lang.AssertionError">java.lang.AssertionError: did not expect to find [28488644] but found [null]
	at BritBox.Testing.TokenClientAPI.getToken(TokenClientAPI.java:55)
</failure>
    <system-out><![CDATA[Request method:	GET
Request URI:	https://integrations-sit.multichoice.com/gateway/TokenClientPlatformAPI/1.0/token/8KYX68WTY4
Proxy:			<none>
Request params:	<none>
Query params:	<none>
Form params:	<none>
Path params:	<none>
Headers:		partnerId=BRITBOXZA
				partnerPassword=Br!tboxPa$$
				Authorization=Bearer b6aa5130fe2f4edd87a2ad0c63da5b65bd251d4cb7db4056821148605dd7fd20
				Accept=*/*
				Content-Type=application/json
Cookies:		<none>
Multiparts:		<none>
Body:			<none>
HTTP/1.1 401 Unauthorized
Date: Tue, 25 Jul 2023 13:28:38 GMT
Content-Type: application/json
Content-Length: 255
Connection: keep-alive
WWW-Authenticate: Bearer Realm = 'Integration Server',error = 'invalid_token', error_description = 'The provided token is invalid or expired.'
Content-Encoding: gzip

{
    "Exception": "API Gateway encountered an error. Error Message:  Token specified is invalid or has expired.. Request Details: Service - TokenClientPlatformAPI, Operation - /token/{id}, Invocation Time:1:28:38 PM, Date:Jul 25, 2023,  Client IP - 102.176.194.176:64861, User - Default and Application:sys:defaultApplication"
}
null
]]></system-out>
  </testcase>
  <testcase name="getTokenIncorrectToken" classname="BritBox.Testing.TokenClientAPI" time="1.283">
    <failure message="&#10;Expected: is &lt;200&gt;&#10;     but: was &lt;401&gt;" type="java.lang.AssertionError"><![CDATA[java.lang.AssertionError: 

Expected: is <200>
     but: was <401>
	at BritBox.Testing.TokenClientAPI.getTokenIncorrectToken(TokenClientAPI.java:71)
]]></failure>
    <system-out><![CDATA[Request method:	GET
Request URI:	https://integrations-sit.multichoice.com/gateway/TokenClientPlatformAPI/1.0/token/8KYX68WT
Proxy:			<none>
Request params:	<none>
Query params:	<none>
Form params:	<none>
Path params:	<none>
Headers:		partnerId=BRITBOXZA
				partnerPassword=Br!tboxPa$$
				Authorization=Bearer b6aa5130fe2f4edd87a2ad0c63da5b65bd251d4cb7db4056821148605dd7fd20
				Accept=*/*
				Content-Type=application/json
Cookies:		<none>
Multiparts:		<none>
Body:			<none>
HTTP/1.1 401 Unauthorized
Date: Tue, 25 Jul 2023 13:28:39 GMT
Content-Type: application/json
Content-Length: 255
Connection: keep-alive
WWW-Authenticate: Bearer Realm = 'Integration Server',error = 'invalid_token', error_description = 'The provided token is invalid or expired.'
Content-Encoding: gzip

{
    "Exception": "API Gateway encountered an error. Error Message:  Token specified is invalid or has expired.. Request Details: Service - TokenClientPlatformAPI, Operation - /token/{id}, Invocation Time:1:28:39 PM, Date:Jul 25, 2023,  Client IP - 102.176.194.176:64870, User - Default and Application:sys:defaultApplication"
}
]]></system-out>
  </testcase>
  <testcase name="post_createServiceorder_OpenServe" classname="O2F.ServiceOrdering" time="40.778"/>
</testsuite>