<?xml version="1.0" encoding="UTF-8"?>
<!-- Generated by org.testng.reporters.JUnitReportReporter -->
<testsuite hostname="Asset-10384" failures="0" tests="1" name="O2F.ServiceOrdering" time="40.799" errors="0" timestamp="2023-07-25T15:29:21 CAT" skipped="0">
  <testcase classname="O2F.ServiceOrdering" name="post_createServiceorder_OpenServe" time="40.799"/>
</testsuite> <!-- O2F.ServiceOrdering -->
